
> frontend@0.0.0 build
> tsc -b && vite build

[36mvite v8.0.0 [32mbuilding client environment for production...[36m[39m
[2Ktransforming...✓ 47 modules transformed.
rendering chunks...
computing gzip size...
dist/index.html                   0.47 kB │ gzip:   0.30 kB
dist/assets/logo2-DZAUtk7f.png   19.80 kB
dist/assets/logo-BPpvAMOi.png    26.27 kB
dist/assets/Couv-C8bc_adF.jpg   152.53 kB
dist/assets/index-DiA4vG5d.css   69.88 kB │ gzip:  10.82 kB
dist/assets/index-Dje_DtpU.js   514.46 kB │ gzip: 127.18 kB

[33m[33m[PLUGIN_TIMINGS] Warning:[0m Your build spent significant time in plugins. Here is a breakdown:
  - vite:asset (53%)
  - vite:css (43%)
See https://rolldown.rs/options/checks#plugintimings for more details.
[39m
[33m[plugin builtin:vite-reporter] 
(!) Some chunks are larger than 500 kB after minification. Consider:
- Using dynamic import() to code-split the application
- Use build.rolldownOptions.output.codeSplitting to improve chunking: https://rolldown.rs/reference/OutputOptions.codeSplitting
- Adjust chunk size limit for this warning via build.chunkSizeWarningLimit.[39m
[32m✓ built in 3.11s[39m
